2019-06-01 19:39:42,833 desired_caps.py[line:30] INFO start app...
2019-06-01 19:40:54,686 desired_caps.py[line:30] INFO start app...
2019-06-01 19:41:34,614 desired_caps.py[line:30] INFO start app...
2019-06-01 19:42:30,777 desired_caps.py[line:30] INFO start app...
2019-06-01 19:44:35,690 desired_caps.py[line:30] INFO start app...
2019-06-01 20:32:16,125 desired_caps.py[line:30] INFO start app...
2019-06-01 20:32:34,224 washCarView.py[line:10] INFO ===wash_action====
2019-06-01 20:34:04,214 desired_caps.py[line:30] INFO start app...
2019-06-01 20:34:20,430 washCarView.py[line:10] INFO ===wash_action====
2019-06-01 20:35:44,282 desired_caps.py[line:30] INFO start app...
2019-06-01 20:36:01,769 washCarView.py[line:10] INFO ===wash_action====
2019-06-01 20:36:37,594 desired_caps.py[line:30] INFO start app...
2019-06-01 20:37:03,160 washCarView.py[line:10] INFO ===wash_action====
2019-06-01 20:41:41,132 desired_caps.py[line:30] INFO start app...
2019-06-01 20:41:58,113 washCarView.py[line:10] INFO ===wash_action====
2019-06-01 20:42:57,594 desired_caps.py[line:30] INFO start app...
2019-06-01 20:43:19,108 washCarView.py[line:10] INFO ===wash_action====
2019-06-01 20:53:29,359 desired_caps.py[line:30] INFO start app...
2019-06-01 20:53:54,478 washCarView.py[line:10] INFO ===wash_action====
2019-06-01 20:54:33,594 desired_caps.py[line:30] INFO start app...
2019-06-01 20:54:58,663 washCarView.py[line:10] INFO ===wash_action====
2019-06-01 21:43:02,165 desired_caps.py[line:30] INFO start app...
2019-06-01 21:45:02,807 desired_caps.py[line:30] INFO start app...
2019-06-01 21:45:20,675 washCarView.py[line:16] INFO ===wash_action====
2019-06-01 21:46:16,753 desired_caps.py[line:30] INFO start app...
2019-06-01 21:46:41,047 washCarView.py[line:16] INFO ===wash_action====
2019-06-01 21:58:50,801 desired_caps.py[line:30] INFO start app...
2019-06-01 22:00:24,897 desired_caps.py[line:30] INFO start app...
2019-06-01 22:02:51,015 desired_caps.py[line:30] INFO start app...
2019-06-01 22:08:24,679 desired_caps.py[line:30] INFO start app...
2019-06-01 22:09:19,546 desired_caps.py[line:30] INFO start app...
2019-06-01 22:11:01,895 desired_caps.py[line:30] INFO start app...
2019-06-01 22:11:44,498 desired_caps.py[line:30] INFO start app...
2019-06-01 22:12:02,789 washCarView.py[line:16] INFO ===wash_action====
2019-06-01 22:27:22,346 desired_caps.py[line:31] INFO start app...
2019-06-01 22:28:22,955 desired_caps.py[line:31] INFO start app...
2019-06-01 22:29:33,102 washCarView.py[line:16] INFO ===wash_action====
2019-06-01 22:31:27,292 desired_caps.py[line:31] INFO start app...
2019-06-01 22:32:24,642 washCarView.py[line:16] INFO ===wash_action====
2019-06-01 22:37:54,751 desired_caps.py[line:31] INFO start app...
2019-06-01 22:38:55,366 desired_caps.py[line:31] INFO start app...
2019-06-01 22:39:32,821 washCarView.py[line:16] INFO ===wash_action====
2019-06-01 22:41:32,611 desired_caps.py[line:31] INFO start app...
2019-06-01 22:42:50,371 washCarView.py[line:16] INFO ===wash_action====
2019-06-01 22:58:40,208 desired_caps.py[line:31] INFO start app...
2019-06-01 22:59:48,039 washCarView.py[line:16] INFO ===wash_action====
2019-06-01 23:03:06,657 desired_caps.py[line:31] INFO start app...
2019-06-01 23:03:31,388 washCarView.py[line:17] INFO ===wash_action====
2019-06-01 23:04:59,160 desired_caps.py[line:31] INFO start app...
2019-06-01 23:05:23,074 washCarView.py[line:17] INFO ===wash_action====
2019-06-01 23:12:03,090 desired_caps.py[line:31] INFO start app...
2019-06-01 23:12:47,174 desired_caps.py[line:31] INFO start app...
2019-06-01 23:13:05,012 washCarView.py[line:17] INFO ===wash_action====
2019-06-01 23:14:09,405 desired_caps.py[line:31] INFO start app...
2019-06-01 23:14:34,436 washCarView.py[line:17] INFO ===wash_action====
2019-06-01 23:15:53,926 desired_caps.py[line:31] INFO start app...
2019-06-01 23:16:20,862 washCarView.py[line:17] INFO ===wash_action====
2019-06-01 23:18:00,300 desired_caps.py[line:31] INFO start app...
2019-06-01 23:18:15,818 washCarView.py[line:17] INFO ===wash_action====
2019-06-01 23:18:51,214 desired_caps.py[line:31] INFO start app...
2019-06-01 23:19:05,560 washCarView.py[line:17] INFO ===wash_action====
2019-06-01 23:44:24,253 desired_caps.py[line:31] INFO start app...
2019-06-01 23:44:38,863 washCarView.py[line:17] INFO ===wash_action====
2019-06-01 23:46:13,993 desired_caps.py[line:31] INFO start app...
2019-06-01 23:46:29,753 washCarView.py[line:17] INFO ===wash_action====
2019-06-01 23:57:48,433 desired_caps.py[line:31] INFO start app...
2019-06-01 23:58:03,232 washCarView.py[line:18] INFO ===wash_action====
2019-06-01 23:59:40,142 desired_caps.py[line:31] INFO start app...
2019-06-01 23:59:54,883 washCarView.py[line:18] INFO ===wash_action====
2019-06-02 00:01:32,127 desired_caps.py[line:31] INFO start app...
2019-06-02 00:01:47,903 washCarView.py[line:18] INFO ===wash_action====
2019-06-02 00:02:48,856 desired_caps.py[line:31] INFO start app...
2019-06-02 00:03:04,752 washCarView.py[line:18] INFO ===wash_action====
2019-06-02 00:08:28,076 desired_caps.py[line:31] INFO start app...
2019-06-02 00:08:52,922 desired_caps.py[line:31] INFO start app...
2019-06-02 00:09:07,682 washCarView.py[line:19] INFO ===wash_action====
2019-06-02 00:10:19,492 desired_caps.py[line:31] INFO start app...
2019-06-02 00:10:35,712 washCarView.py[line:19] INFO ===wash_action====
2019-06-02 00:11:06,876 desired_caps.py[line:31] INFO start app...
2019-06-02 00:11:22,282 washCarView.py[line:19] INFO ===wash_action====
2019-06-02 00:12:50,792 desired_caps.py[line:31] INFO start app...
2019-06-02 00:13:02,422 washCarView.py[line:19] INFO ===wash_action====
2019-06-02 00:13:52,886 desired_caps.py[line:31] INFO start app...
2019-06-02 00:14:07,242 washCarView.py[line:19] INFO ===wash_action====
2019-06-02 11:02:57,226 desired_caps.py[line:31] INFO start app...
2019-06-02 11:03:13,590 washCarView.py[line:19] INFO ===wash_action====
2019-06-02 11:09:32,073 desired_caps.py[line:31] INFO start app...
2019-06-02 11:09:45,986 washCarView.py[line:20] INFO ===wash_action====
2019-06-02 11:15:58,748 desired_caps.py[line:31] INFO start app...
2019-06-02 11:16:13,712 washCarView.py[line:21] INFO ===wash_action====
2019-06-02 11:16:47,136 desired_caps.py[line:31] INFO start app...
2019-06-02 11:17:02,769 washCarView.py[line:21] INFO ===wash_action====
2019-06-02 11:49:25,203 desired_caps.py[line:31] INFO start app...
2019-06-02 12:52:16,018 desired_caps.py[line:31] INFO start app...
2019-06-02 12:52:31,326 common_fun.py[line:13] INFO ====check_skipBtn====
2019-06-02 12:54:03,494 desired_caps.py[line:31] INFO start app...
2019-06-02 12:54:16,542 common_fun.py[line:13] INFO ====check_skipBtn====
2019-06-02 12:56:01,197 desired_caps.py[line:31] INFO start app...
2019-06-02 12:56:14,222 common_fun.py[line:13] INFO ====check_skipBtn====
2019-06-02 13:01:46,254 desired_caps.py[line:31] INFO start app...
2019-06-02 13:02:00,369 common_fun.py[line:13] INFO ====check_skipBtn====
2019-06-02 13:02:36,661 desired_caps.py[line:31] INFO start app...
2019-06-02 13:02:51,112 common_fun.py[line:13] INFO ====check_skipBtn====
2019-06-02 13:03:28,938 desired_caps.py[line:31] INFO start app...
2019-06-02 13:03:43,630 common_fun.py[line:13] INFO ====check_skipBtn====
2019-06-02 13:03:45,003 common_fun.py[line:17] INFO no btn_skip
2019-06-02 13:11:04,579 desired_caps.py[line:31] INFO start app...
2019-06-02 13:13:56,922 desired_caps.py[line:31] INFO start app...
2019-06-02 13:39:52,873 desired_caps.py[line:31] INFO start app...
2019-06-02 13:40:39,709 desired_caps.py[line:31] INFO start app...
2019-06-02 13:41:34,388 common_fun.py[line:13] INFO ====check_skipBtn====
2019-06-02 13:41:35,460 common_fun.py[line:17] INFO no btn_skip
2019-06-02 14:56:22,478 desired_caps.py[line:31] INFO start app...
2019-06-02 14:56:55,026 desired_caps.py[line:31] INFO start app...
2019-06-02 14:57:06,572 common_fun.py[line:14] INFO ====check_skipBtn====
2019-06-02 14:57:07,888 common_fun.py[line:18] INFO no btn_skip
2019-06-02 14:57:33,053 desired_caps.py[line:31] INFO start app...
2019-06-02 14:57:43,300 common_fun.py[line:14] INFO ====check_skipBtn====
2019-06-02 14:57:44,499 common_fun.py[line:18] INFO no btn_skip
2019-06-02 15:00:03,364 desired_caps.py[line:31] INFO start app...
2019-06-02 15:00:14,214 common_fun.py[line:14] INFO ====check_skipBtn====
2019-06-02 15:00:15,558 common_fun.py[line:18] INFO no btn_skip
2019-06-02 15:00:23,387 desired_caps.py[line:31] INFO start app...
2019-06-02 15:00:35,377 common_fun.py[line:14] INFO ====check_skipBtn====
2019-06-02 15:00:36,125 common_fun.py[line:18] INFO no btn_skip
2019-06-02 15:01:08,255 desired_caps.py[line:31] INFO start app...
2019-06-02 15:01:20,967 common_fun.py[line:14] INFO ====check_skipBtn====
2019-06-02 15:01:22,425 common_fun.py[line:18] INFO no btn_skip
2019-06-02 15:08:31,878 desired_caps.py[line:31] INFO start app...
2019-06-02 15:08:42,920 common_fun.py[line:14] INFO ====check_skipBtn====
2019-06-02 15:08:45,030 common_fun.py[line:18] INFO no btn_skip
2019-06-02 15:13:16,541 desired_caps.py[line:31] INFO start app...
2019-06-02 15:13:27,019 common_fun.py[line:14] INFO ====check_skipBtn====
2019-06-02 15:13:29,466 common_fun.py[line:18] INFO no btn_skip
2019-06-02 22:22:32,046 desired_caps.py[line:31] INFO start app...
2019-06-02 22:22:46,204 common_fun.py[line:14] INFO ====check_skipBtn====
2019-06-02 22:22:48,603 common_fun.py[line:18] INFO no btn_skip
2019-06-02 22:23:33,490 desired_caps.py[line:31] INFO start app...
2019-06-02 22:23:44,988 common_fun.py[line:14] INFO ====check_skipBtn====
2019-06-02 22:24:18,732 desired_caps.py[line:31] INFO start app...
2019-06-02 22:24:29,048 common_fun.py[line:14] INFO ====check_skipBtn====
2019-06-02 22:25:47,772 desired_caps.py[line:31] INFO start app...
2019-06-02 22:25:55,590 common_fun.py[line:14] INFO ====check_skipBtn====
2019-06-02 22:28:27,618 desired_caps.py[line:31] INFO start app...
2019-06-02 22:28:35,185 common_fun.py[line:14] INFO ====check_skipBtn====
2019-06-02 22:43:02,689 desired_caps.py[line:31] INFO start app...
2019-06-02 22:43:10,961 common_fun.py[line:14] INFO ====check_skipBtn====
2019-06-02 22:59:11,358 desired_caps.py[line:31] INFO start app...
2019-06-02 23:00:33,186 desired_caps.py[line:31] INFO start app...
2019-06-02 23:00:42,372 common_fun.py[line:14] INFO ====check_skipBtn====
2019-06-02 23:09:30,250 desired_caps.py[line:31] INFO start app...
2019-06-02 23:09:40,379 common_fun.py[line:14] INFO ====check_skipBtn====
2019-06-02 23:14:29,352 desired_caps.py[line:31] INFO start app...
2019-06-02 23:14:38,957 common_fun.py[line:14] INFO ====check_skipBtn====
2019-06-02 23:19:43,215 desired_caps.py[line:31] INFO start app...
2019-06-02 23:19:53,226 common_fun.py[line:14] INFO ====check_skipBtn====
2019-06-02 23:29:38,958 desired_caps.py[line:31] INFO start app...
2019-06-02 23:29:46,730 loginView.py[line:22] INFO =====login_action=====
2019-06-02 23:29:46,730 loginView.py[line:23] INFO usename is:15957120196
2019-06-02 23:29:46,730 common_fun.py[line:14] INFO ====check_skipBtn====
2019-06-02 23:31:30,914 desired_caps.py[line:31] INFO start app...
2019-06-02 23:31:42,733 loginView.py[line:22] INFO =====login_action=====
2019-06-02 23:31:42,733 loginView.py[line:23] INFO usename is:15957120196
2019-06-02 23:31:42,734 common_fun.py[line:14] INFO ====check_skipBtn====
2019-06-03 00:02:46,572 desired_caps.py[line:31] INFO start app...
2019-06-03 00:08:42,335 desired_caps.py[line:31] INFO start app...
2019-06-03 00:08:50,781 loginView.py[line:22] INFO =====login_action=====
2019-06-03 00:08:50,782 loginView.py[line:23] INFO usename is:15957120196
2019-06-03 00:08:50,782 common_fun.py[line:15] INFO ====check_skipBtn====
2019-06-03 12:29:50,836 desired_caps.py[line:31] INFO start app...
2019-06-03 12:30:41,745 desired_caps.py[line:31] INFO start app...
2019-06-03 12:30:52,083 loginView.py[line:25] INFO =====login_action=====
2019-06-03 12:30:52,084 loginView.py[line:26] INFO usename is:15957120196
2019-06-03 12:30:52,084 common_fun.py[line:15] INFO ====check_skipBtn====
2019-06-03 12:31:16,249 loginView.py[line:38] INFO ====check_loginStatus====
2019-06-03 12:31:19,273 loginView.py[line:46] INFO login success
2019-06-03 12:33:29,390 desired_caps.py[line:31] INFO start app...
2019-06-03 12:33:37,050 loginView.py[line:25] INFO =====login_action=====
2019-06-03 12:33:37,050 loginView.py[line:26] INFO usename is:15957120196
2019-06-03 12:33:37,050 common_fun.py[line:15] INFO ====check_skipBtn====
2019-06-03 12:33:56,380 loginView.py[line:39] INFO ====check_loginStatus====
2019-06-03 12:33:59,060 loginView.py[line:47] INFO login success
2019-06-03 12:51:52,145 desired_caps.py[line:31] INFO start app...
2019-06-03 12:52:47,357 desired_caps.py[line:31] INFO start app...
2019-06-03 13:05:49,487 desired_caps.py[line:31] INFO start app...
2019-06-03 13:05:56,793 loginView.py[line:30] INFO =====login_action=====
2019-06-03 13:05:56,793 loginView.py[line:31] INFO usename is:15957120196
2019-06-03 13:05:56,793 common_fun.py[line:15] INFO ====check_skipBtn====
2019-06-03 13:06:18,628 loginView.py[line:43] INFO ====check_loginStatus====
2019-06-03 13:06:22,129 loginView.py[line:51] INFO login success
2019-06-03 13:06:22,629 common_fun.py[line:37] INFO swipeUp
2019-06-03 13:08:11,329 desired_caps.py[line:31] INFO start app...
2019-06-03 13:08:20,569 loginView.py[line:30] INFO =====login_action=====
2019-06-03 13:08:20,569 loginView.py[line:31] INFO usename is:15957120196
2019-06-03 13:08:20,569 common_fun.py[line:15] INFO ====check_skipBtn====
2019-06-03 13:08:41,231 loginView.py[line:43] INFO ====check_loginStatus====
2019-06-03 13:08:43,681 loginView.py[line:51] INFO login success
2019-06-03 13:08:45,190 common_fun.py[line:37] INFO swipeUp
2019-06-03 13:08:46,338 common_fun.py[line:37] INFO swipeUp
2019-06-03 13:18:56,233 desired_caps.py[line:31] INFO start app...
2019-06-03 13:19:03,487 loginView.py[line:35] INFO =====login_action=====
2019-06-03 13:19:03,487 loginView.py[line:36] INFO usename is:15957120196
2019-06-03 13:19:03,487 common_fun.py[line:15] INFO ====check_skipBtn====
2019-06-03 13:19:06,686 common_fun.py[line:19] INFO no btn_skip
2019-06-03 13:19:21,266 loginView.py[line:48] INFO ====check_loginStatus====
2019-06-03 13:19:23,488 loginView.py[line:52] ERROR login fail
2019-06-03 13:19:23,489 common_fun.py[line:52] INFO get login fail screenShot
2019-06-03 13:19:24,189 loginView.py[line:60] INFO ====logout_action====
2019-06-03 13:22:47,803 desired_caps.py[line:31] INFO start app...
2019-06-03 13:22:56,810 loginView.py[line:35] INFO =====login_action=====
2019-06-03 13:22:56,810 loginView.py[line:36] INFO usename is:15957120196
2019-06-03 13:22:56,810 common_fun.py[line:15] INFO ====check_skipBtn====
2019-06-03 13:22:59,928 common_fun.py[line:19] INFO no btn_skip
2019-06-03 13:23:14,458 loginView.py[line:48] INFO ====check_loginStatus====
2019-06-03 13:23:16,803 loginView.py[line:56] INFO login success
2019-06-03 13:23:16,803 loginView.py[line:60] INFO ====logout_action====
2019-06-03 13:23:18,412 common_fun.py[line:37] INFO swipeUp
2019-06-03 13:23:19,443 common_fun.py[line:37] INFO swipeUp
2019-06-03 13:23:21,816 loginView.py[line:70] INFO ====check_logoutStatus====
2019-06-03 13:23:22,346 loginView.py[line:78] INFO logout success
2019-06-03 16:17:52,558 run.py[line:15] INFO start run test case
2019-06-03 16:17:52,574 myunit.py[line:8] INFO ====setUp===
2019-06-03 16:17:52,578 desired_caps.py[line:31] INFO start app...
2019-06-03 16:18:01,525 test_login.py[line:11] INFO ====test_login_normal====
2019-06-03 16:18:01,558 loginView.py[line:35] INFO =====login_action=====
2019-06-03 16:18:01,558 loginView.py[line:36] INFO usename is:15957120196
2019-06-03 16:18:01,558 common_fun.py[line:15] INFO ====check_skipBtn====
2019-06-03 16:18:04,598 common_fun.py[line:19] INFO no btn_skip
2019-06-03 16:18:05,276 myunit.py[line:11] INFO ===tearDown===
2019-06-03 20:04:22,190 run.py[line:15] INFO start run test case
2019-06-03 20:04:22,200 myunit.py[line:8] INFO ====setUp===
2019-06-03 20:04:22,204 desired_caps.py[line:31] INFO start app...
2019-06-03 20:04:30,804 test_login.py[line:11] INFO ====test_login_normal====
2019-06-03 20:04:30,833 loginView.py[line:35] INFO =====login_action=====
2019-06-03 20:04:30,834 loginView.py[line:36] INFO usename is:15957120196
2019-06-03 20:04:30,834 common_fun.py[line:15] INFO ====check_skipBtn====
2019-06-03 20:04:34,283 common_fun.py[line:19] INFO no btn_skip
2019-06-03 20:04:50,756 loginView.py[line:48] INFO ====check_loginStatus====
2019-06-03 20:04:53,135 loginView.py[line:56] INFO login success
2019-06-03 20:04:53,136 myunit.py[line:11] INFO ===tearDown===
